FUSE library version: 2.9.7
unique: 1, opcode: INIT (26), nodeid: 0, insize: 56, pid: 0
INIT: 7.23
flags=0x0003f7fb
max_readahead=0x00020000
   INIT: 7.19
   flags=0x00000000
   max_readahead=0x00020000
   max_write=0x00020000
   max_background=0
   congestion_threshold=0
   unique: 1, success, outsize: 40
unique: 2, opcode: LOOKUP (1), nodeid: 1, insize: 46, pid: 5899
isfile: 1 is a dir
isdir: 1 is a dir
isfile: 303 is a dir
getattr 000000000000012f 0
isfile: 303 is a dir
isfile: 303 is a dir
issym: 303 is a sym
   getattr -> 10
   unique: 2, success, outsize: 144
unique: 3, opcode: GETATTR (3), nodeid: 303, insize: 56, pid: 5899
isfile: 303 is a dir
getattr 000000000000012f 0
isfile: 303 is a dir
isfile: 303 is a dir
issym: 303 is a sym
   getattr -> 10
   unique: 3, success, outsize: 120
unique: 4, opcode: LOOKUP (1), nodeid: 1, insize: 46, pid: 5899
isfile: 1 is a dir
isdir: 1 is a dir
isfile: 303 is a dir
getattr 000000000000012f 0
isfile: 303 is a dir
isfile: 303 is a dir
issym: 303 is a sym
   getattr -> 10
   unique: 4, success, outsize: 144
unique: 5, opcode: UNLINK (10), nodeid: 1, insize: 46, pid: 5899
isfile: 1 is a dir
isdir: 1 is a dir
isfile: 1 is a dir
isdir: 1 is a dir
   unique: 5, success, outsize: 16
unique: 6, opcode: FORGET (2), nodeid: 303, insize: 48, pid: 0
unique: 7, opcode: LOOKUP (1), nodeid: 1, insize: 54, pid: 5899
isfile: 1 is a dir
isdir: 1 is a dir
isfile: 305 is a dir
getattr 0000000000000131 0
isfile: 305 is a dir
isfile: 305 is a dir
issym: 305 is a sym
   getattr -> 10
   unique: 7, success, outsize: 144
unique: 8, opcode: GETATTR (3), nodeid: 305, insize: 56, pid: 5899
isfile: 305 is a dir
getattr 0000000000000131 0
isfile: 305 is a dir
isfile: 305 is a dir
issym: 305 is a sym
   getattr -> 10
   unique: 8, success, outsize: 120
unique: 9, opcode: LOOKUP (1), nodeid: 1, insize: 54, pid: 5899
isfile: 1 is a dir
isdir: 1 is a dir
isfile: 305 is a dir
getattr 0000000000000131 0
isfile: 305 is a dir
isfile: 305 is a dir
issym: 305 is a sym
   getattr -> 10
   unique: 9, success, outsize: 144
unique: 10, opcode: UNLINK (10), nodeid: 1, insize: 54, pid: 5899
isfile: 1 is a dir
isdir: 1 is a dir
isfile: 1 is a dir
isdir: 1 is a dir
   unique: 10, success, outsize: 16
unique: 11, opcode: LOOKUP (1), nodeid: 1, insize: 51, pid: 5899
isfile: 1 is a dir
isdir: 1 is a dir
isfile: 306 is a file
getattr 0000000000000132 1
isfile: 306 is a file
getfile 0000000000000132
getfile 0000000000000132 -> sz 0
   getattr -> 0
   unique: 11, success, outsize: 144
unique: 12, opcode: FORGET (2), nodeid: 305, insize: 48, pid: 0
unique: 13, opcode: GETATTR (3), nodeid: 306, insize: 56, pid: 5899
isfile: 306 is a file
getattr 0000000000000132 1
isfile: 306 is a file
getfile 0000000000000132
getfile 0000000000000132 -> sz 0
   getattr -> 0
   unique: 13, success, outsize: 120
unique: 14, opcode: LOOKUP (1), nodeid: 1, insize: 51, pid: 5899
isfile: 1 is a dir
isdir: 1 is a dir
isfile: 306 is a file
getattr 0000000000000132 1
isfile: 306 is a file
getfile 0000000000000132
getfile 0000000000000132 -> sz 0
   getattr -> 0
   unique: 14, success, outsize: 144
unique: 15, opcode: UNLINK (10), nodeid: 1, insize: 51, pid: 5899
isfile: 1 is a dir
isdir: 1 is a dir
isfile: 1 is a dir
isdir: 1 is a dir
   unique: 15, success, outsize: 16
unique: 16, opcode: FORGET (2), nodeid: 306, insize: 48, pid: 0
unique: 17, opcode: LOOKUP (1), nodeid: 1, insize: 52, pid: 5899
isfile: 1 is a dir
isdir: 1 is a dir
   unique: 17, error: -2 (No such file or directory), outsize: 16
unique: 18, opcode: LOOKUP (1), nodeid: 1, insize: 52, pid: 5899
isfile: 1 is a dir
isdir: 1 is a dir
   unique: 18, error: -2 (No such file or directory), outsize: 16
unique: 19, opcode: LOOKUP (1), nodeid: 1, insize: 46, pid: 5900
isfile: 1 is a dir
isdir: 1 is a dir
   unique: 19, error: -2 (No such file or directory), outsize: 16
unique: 20, opcode: LOOKUP (1), nodeid: 1, insize: 46, pid: 5900
isfile: 1 is a dir
isdir: 1 is a dir
   unique: 20, error: -2 (No such file or directory), outsize: 16
unique: 21, opcode: SYMLINK (6), nodeid: 1, insize: 57, pid: 5900
isfile: 1 is a dir
isdir: 1 is a dir
isfile: 307 is a dir
getattr 0000000000000133 0
isfile: 307 is a dir
isfile: 307 is a dir
issym: 307 is a sym
   getattr -> 10
   unique: 21, success, outsize: 144
unique: 22, opcode: LOOKUP (1), nodeid: 1, insize: 46, pid: 5901
isfile: 1 is a dir
isdir: 1 is a dir
isfile: 307 is a dir
getattr 0000000000000133 0
isfile: 307 is a dir
isfile: 307 is a dir
issym: 307 is a sym
   getattr -> 10
   unique: 22, success, outsize: 144
unique: 23, opcode: READLINK (5), nodeid: 307, insize: 40, pid: 5901
   unique: 23, success, outsize: 26
unique: 24, opcode: LOOKUP (1), nodeid: 1, insize: 51, pid: 5902
isfile: 1 is a dir
isdir: 1 is a dir
   unique: 24, error: -2 (No such file or directory), outsize: 16
unique: 25, opcode: LOOKUP (1), nodeid: 1, insize: 51, pid: 5902
isfile: 1 is a dir
isdir: 1 is a dir
   unique: 25, error: -2 (No such file or directory), outsize: 16
unique: 26, opcode: LOOKUP (1), nodeid: 1, insize: 51, pid: 5902
isfile: 1 is a dir
isdir: 1 is a dir
   unique: 26, error: -2 (No such file or directory), outsize: 16
unique: 27, opcode: CREATE (35), nodeid: 1, insize: 67, pid: 5902
isfile: 1 is a dir
isdir: 1 is a dir
isfile: 308 is a file
getattr 0000000000000134 1
isfile: 308 is a file
getfile 0000000000000134
getfile 0000000000000134 -> sz 0
   getattr -> 0
   unique: 27, success, outsize: 160
OK: create returns.
unique: 28, opcode: GETATTR (3), nodeid: 308, insize: 56, pid: 5902
isfile: 308 is a file
getattr 0000000000000134 1
isfile: 308 is a file
getfile 0000000000000134
getfile 0000000000000134 -> sz 0
   getattr -> 0
   unique: 28, success, outsize: 120
unique: 29, opcode: GETXATTR (22), nodeid: 308, insize: 68, pid: 5902
   unique: 29, error: -38 (Function not implemented), outsize: 16
unique: 30, opcode: WRITE (16), nodeid: 308, insize: 318, pid: 5902
   unique: 30, success, outsize: 24
unique: 31, opcode: FLUSH (25), nodeid: 308, insize: 64, pid: 5902
   unique: 31, error: -38 (Function not implemented), outsize: 16
unique: 32, opcode: RELEASE (18), nodeid: 308, insize: 64, pid: 0
   unique: 32, success, outsize: 16
unique: 33, opcode: LOOKUP (1), nodeid: 1, insize: 54, pid: 5903
isfile: 1 is a dir
isdir: 1 is a dir
   unique: 33, error: -2 (No such file or directory), outsize: 16
unique: 34, opcode: LOOKUP (1), nodeid: 1, insize: 54, pid: 5903
isfile: 1 is a dir
isdir: 1 is a dir
   unique: 34, error: -2 (No such file or directory), outsize: 16
unique: 35, opcode: SYMLINK (6), nodeid: 1, insize: 65, pid: 5903
isfile: 1 is a dir
isdir: 1 is a dir
isfile: 309 is a dir
getattr 0000000000000135 0
isfile: 309 is a dir
isfile: 309 is a dir
issym: 309 is a sym
   getattr -> 10
   unique: 35, success, outsize: 144
unique: 36, opcode: LOOKUP (1), nodeid: 1, insize: 54, pid: 5904
isfile: 1 is a dir
isdir: 1 is a dir
isfile: 309 is a dir
getattr 0000000000000135 0
isfile: 309 is a dir
isfile: 309 is a dir
issym: 309 is a sym
   getattr -> 10
   unique: 36, success, outsize: 144
unique: 37, opcode: READLINK (5), nodeid: 309, insize: 40, pid: 5904
   unique: 37, success, outsize: 26
unique: 38, opcode: LOOKUP (1), nodeid: 1, insize: 51, pid: 5904
isfile: 1 is a dir
isdir: 1 is a dir
isfile: 308 is a file
getattr 0000000000000134 1
isfile: 308 is a file
getfile 0000000000000134
getfile 0000000000000134 -> sz 238
   getattr -> 238
   unique: 38, success, outsize: 144
unique: 39, opcode: GETATTR (3), nodeid: 308, insize: 56, pid: 5904
isfile: 308 is a file
getattr 0000000000000134 1
isfile: 308 is a file
getfile 0000000000000134
getfile 0000000000000134 -> sz 238
   getattr -> 238
   unique: 39, success, outsize: 120
unique: 40, opcode: LOOKUP (1), nodeid: 1, insize: 51, pid: 5904
isfile: 1 is a dir
isdir: 1 is a dir
isfile: 308 is a file
getattr 0000000000000134 1
isfile: 308 is a file
getfile 0000000000000134
getfile 0000000000000134 -> sz 238
   getattr -> 238
   unique: 40, success, outsize: 144
unique: 41, opcode: GETATTR (3), nodeid: 308, insize: 56, pid: 5904
isfile: 308 is a file
getattr 0000000000000134 1
isfile: 308 is a file
getfile 0000000000000134
getfile 0000000000000134 -> sz 238
   getattr -> 238
   unique: 41, success, outsize: 120
unique: 42, opcode: LOOKUP (1), nodeid: 1, insize: 51, pid: 5905
isfile: 1 is a dir
isdir: 1 is a dir
isfile: 308 is a file
getattr 0000000000000134 1
isfile: 308 is a file
getfile 0000000000000134
getfile 0000000000000134 -> sz 238
   getattr -> 238
   unique: 42, success, outsize: 144
unique: 43, opcode: GETATTR (3), nodeid: 308, insize: 56, pid: 5905
isfile: 308 is a file
getattr 0000000000000134 1
isfile: 308 is a file
getfile 0000000000000134
getfile 0000000000000134 -> sz 238
   getattr -> 238
   unique: 43, success, outsize: 120
unique: 44, opcode: LOOKUP (1), nodeid: 1, insize: 51, pid: 5905
isfile: 1 is a dir
isdir: 1 is a dir
isfile: 308 is a file
getattr 0000000000000134 1
isfile: 308 is a file
getfile 0000000000000134
getfile 0000000000000134 -> sz 238
   getattr -> 238
   unique: 44, success, outsize: 144
unique: 45, opcode: UNLINK (10), nodeid: 1, insize: 51, pid: 5905
isfile: 1 is a dir
isdir: 1 is a dir
isfile: 1 is a dir
isdir: 1 is a dir
   unique: 45, success, outsize: 16
unique: 46, opcode: FORGET (2), nodeid: 308, insize: 48, pid: 0
unique: 47, opcode: LOOKUP (1), nodeid: 1, insize: 51, pid: 5906
isfile: 1 is a dir
isdir: 1 is a dir
   unique: 47, error: -2 (No such file or directory), outsize: 16
unique: 48, opcode: CREATE (35), nodeid: 1, insize: 67, pid: 5906
isfile: 1 is a dir
isdir: 1 is a dir
isfile: 310 is a file
getattr 0000000000000136 1
isfile: 310 is a file
getfile 0000000000000136
getfile 0000000000000136 -> sz 0
   getattr -> 0
   unique: 48, success, outsize: 160
OK: create returns.
unique: 49, opcode: SETATTR (4), nodeid: 310, insize: 128, pid: 5906
fuseserver_setattr 0x1b0
   unique: 49, error: -38 (Function not implemented), outsize: 16
unique: 50, opcode: SETATTR (4), nodeid: 310, insize: 128, pid: 5906
fuseserver_setattr 0x1b0
   unique: 50, error: -38 (Function not implemented), outsize: 16
unique: 51, opcode: LOOKUP (1), nodeid: 1, insize: 51, pid: 5906
isfile: 1 is a dir
isdir: 1 is a dir
isfile: 310 is a file
getattr 0000000000000136 1
isfile: 310 is a file
getfile 0000000000000136
getfile 0000000000000136 -> sz 0
   getattr -> 0
   unique: 51, success, outsize: 144
unique: 52, opcode: SETATTR (4), nodeid: 310, insize: 128, pid: 5906
fuseserver_setattr 0x1b0
   unique: 52, error: -38 (Function not implemented), outsize: 16
unique: 53, opcode: LOOKUP (1), nodeid: 1, insize: 51, pid: 5906
isfile: 1 is a dir
isdir: 1 is a dir
isfile: 310 is a file
getattr 0000000000000136 1
isfile: 310 is a file
getfile 0000000000000136
getfile 0000000000000136 -> sz 0
   getattr -> 0
   unique: 53, success, outsize: 144
unique: 54, opcode: SETATTR (4), nodeid: 310, insize: 128, pid: 5906
fuseserver_setattr 0x1b0
   unique: 54, error: -38 (Function not implemented), outsize: 16
unique: 55, opcode: RELEASE (18), nodeid: 310, insize: 64, pid: 0
   unique: 55, success, outsize: 16
unique: 56, opcode: LOOKUP (1), nodeid: 1, insize: 54, pid: 5907
isfile: 1 is a dir
isdir: 1 is a dir
isfile: 309 is a dir
getattr 0000000000000135 0
isfile: 309 is a dir
isfile: 309 is a dir
issym: 309 is a sym
   getattr -> 10
   unique: 56, success, outsize: 144
unique: 57, opcode: READLINK (5), nodeid: 309, insize: 40, pid: 5907
   unique: 57, success, outsize: 26
unique: 58, opcode: LOOKUP (1), nodeid: 1, insize: 51, pid: 5907
isfile: 1 is a dir
isdir: 1 is a dir
isfile: 310 is a file
getattr 0000000000000136 1
isfile: 310 is a file
getfile 0000000000000136
getfile 0000000000000136 -> sz 0
   getattr -> 0
   unique: 58, success, outsize: 144
unique: 59, opcode: GETATTR (3), nodeid: 310, insize: 56, pid: 5907
isfile: 310 is a file
getattr 0000000000000136 1
isfile: 310 is a file
getfile 0000000000000136
getfile 0000000000000136 -> sz 0
   getattr -> 0
   unique: 59, success, outsize: 120
unique: 60, opcode: LOOKUP (1), nodeid: 1, insize: 51, pid: 5907
isfile: 1 is a dir
isdir: 1 is a dir
isfile: 310 is a file
getattr 0000000000000136 1
isfile: 310 is a file
getfile 0000000000000136
getfile 0000000000000136 -> sz 0
   getattr -> 0
   unique: 60, success, outsize: 144
unique: 61, opcode: GETATTR (3), nodeid: 310, insize: 56, pid: 5907
isfile: 310 is a file
getattr 0000000000000136 1
isfile: 310 is a file
getfile 0000000000000136
getfile 0000000000000136 -> sz 0
   getattr -> 0
   unique: 61, success, outsize: 120
unique: 62, opcode: LOOKUP (1), nodeid: 1, insize: 53, pid: 5942
isfile: 1 is a dir
isdir: 1 is a dir
   unique: 62, error: -2 (No such file or directory), outsize: 16
unique: 63, opcode: CREATE (35), nodeid: 1, insize: 69, pid: 5942
isfile: 1 is a dir
isdir: 1 is a dir
isfile: 312 is a file
getattr 0000000000000138 1
isfile: 312 is a file
getfile 0000000000000138
getfile 0000000000000138 -> sz 0
   getattr -> 0
   unique: 63, success, outsize: 160
OK: create returns.
unique: 64, opcode: SETATTR (4), nodeid: 312, insize: 128, pid: 5942
fuseserver_setattr 0x8
   fuseserver_setattr set size to 3072
isfile: 312 is a file
getattr 0000000000000138 1
isfile: 312 is a file
getfile 0000000000000138
getfile 0000000000000138 -> sz 3072
   getattr -> 3072
   unique: 64, success, outsize: 120
unique: 65, opcode: REMOVEXATTR (24), nodeid: 312, insize: 53, pid: 5942
   unique: 65, error: -38 (Function not implemented), outsize: 16
unique: 66, opcode: IOCTL (39), nodeid: 312, insize: 72, pid: 5942
   unique: 66, error: -38 (Function not implemented), outsize: 16
unique: 67, opcode: WRITE (16), nodeid: 312, insize: 1104, pid: 5942
   unique: 67, success, outsize: 24
unique: 68, opcode: WRITE (16), nodeid: 312, insize: 1104, pid: 5942
   unique: 68, success, outsize: 24
unique: 69, opcode: WRITE (16), nodeid: 312, insize: 1104, pid: 5942
   unique: 69, success, outsize: 24
unique: 70, opcode: WRITE (16), nodeid: 312, insize: 1104, pid: 5942
   unique: 70, success, outsize: 24
unique: 71, opcode: WRITE (16), nodeid: 312, insize: 1104, pid: 5942
   unique: 71, success, outsize: 24
unique: 72, opcode: WRITE (16), nodeid: 312, insize: 1104, pid: 5942
   unique: 72, success, outsize: 24
unique: 73, opcode: WRITE (16), nodeid: 312, insize: 1104, pid: 5942
   unique: 73, success, outsize: 24
unique: 74, opcode: WRITE (16), nodeid: 312, insize: 1104, pid: 5942
   unique: 74, success, outsize: 24
unique: 75, opcode: WRITE (16), nodeid: 312, insize: 1104, pid: 5942
   unique: 75, success, outsize: 24
unique: 76, opcode: WRITE (16), nodeid: 312, insize: 1104, pid: 5942
   unique: 76, success, outsize: 24
unique: 77, opcode: WRITE (16), nodeid: 312, insize: 1104, pid: 5942
   unique: 77, success, outsize: 24
unique: 78, opcode: WRITE (16), nodeid: 312, insize: 1104, pid: 5942
   unique: 78, success, outsize: 24
unique: 79, opcode: WRITE (16), nodeid: 312, insize: 1104, pid: 5942
   unique: 79, success, outsize: 24
unique: 80, opcode: WRITE (16), nodeid: 312, insize: 1104, pid: 5942
   unique: 80, success, outsize: 24
unique: 81, opcode: WRITE (16), nodeid: 312, insize: 1104, pid: 5942
   unique: 81, success, outsize: 24
unique: 82, opcode: WRITE (16), nodeid: 312, insize: 1104, pid: 5942
   unique: 82, success, outsize: 24
unique: 83, opcode: WRITE (16), nodeid: 312, insize: 1104, pid: 5942
   unique: 83, success, outsize: 24
unique: 84, opcode: WRITE (16), nodeid: 312, insize: 1104, pid: 5942
   unique: 84, success, outsize: 24
unique: 85, opcode: WRITE (16), nodeid: 312, insize: 1104, pid: 5942
   unique: 85, success, outsize: 24
unique: 86, opcode: WRITE (16), nodeid: 312, insize: 1104, pid: 5942
   unique: 86, success, outsize: 24
unique: 87, opcode: WRITE (16), nodeid: 312, insize: 1104, pid: 5942
   unique: 87, success, outsize: 24
unique: 88, opcode: WRITE (16), nodeid: 312, insize: 1104, pid: 5942
   unique: 88, success, outsize: 24
unique: 89, opcode: WRITE (16), nodeid: 312, insize: 1104, pid: 5942
   unique: 89, success, outsize: 24
unique: 90, opcode: WRITE (16), nodeid: 312, insize: 1104, pid: 5942
   unique: 90, success, outsize: 24
unique: 91, opcode: WRITE (16), nodeid: 312, insize: 1104, pid: 5942
   unique: 91, success, outsize: 24
unique: 92, opcode: WRITE (16), nodeid: 312, insize: 1104, pid: 5942
   unique: 92, success, outsize: 24
unique: 93, opcode: WRITE (16), nodeid: 312, insize: 1104, pid: 5942
   unique: 93, success, outsize: 24
unique: 94, opcode: WRITE (16), nodeid: 312, insize: 1104, pid: 5942
   unique: 94, success, outsize: 24
unique: 95, opcode: WRITE (16), nodeid: 312, insize: 1104, pid: 5942
   unique: 95, success, outsize: 24
unique: 96, opcode: WRITE (16), nodeid: 312, insize: 1104, pid: 5942
   unique: 96, success, outsize: 24
unique: 97, opcode: RELEASE (18), nodeid: 312, insize: 64, pid: 0
   unique: 97, success, outsize: 16
unique: 98, opcode: LOOKUP (1), nodeid: 1, insize: 53, pid: 5943
isfile: 1 is a dir
isdir: 1 is a dir
isfile: 312 is a file
getattr 0000000000000138 1
isfile: 312 is a file
getfile 0000000000000138
getfile 0000000000000138 -> sz 33792
   getattr -> 33792
   unique: 98, success, outsize: 144
unique: 99, opcode: GETATTR (3), nodeid: 312, insize: 56, pid: 5943
isfile: 312 is a file
getattr 0000000000000138 1
isfile: 312 is a file
getfile 0000000000000138
getfile 0000000000000138 -> sz 33792
   getattr -> 33792
   unique: 99, success, outsize: 120
unique: 100, opcode: LOOKUP (1), nodeid: 1, insize: 53, pid: 5943
isfile: 1 is a dir
isdir: 1 is a dir
isfile: 312 is a file
getattr 0000000000000138 1
isfile: 312 is a file
getfile 0000000000000138
getfile 0000000000000138 -> sz 33792
   getattr -> 33792
   unique: 100, success, outsize: 144
unique: 101, opcode: OPEN (14), nodeid: 312, insize: 48, pid: 5943
   unique: 101, success, outsize: 32
unique: 102, opcode: READ (15), nodeid: 312, insize: 80, pid: 5943
   unique: 102, success, outsize: 16400
unique: 103, opcode: READ (15), nodeid: 312, insize: 80, pid: 5943
   unique: 103, success, outsize: 17424
unique: 104, opcode: GETATTR (3), nodeid: 312, insize: 56, pid: 5943
isfile: 312 is a file
getattr 0000000000000138 1
isfile: 312 is a file
getfile 0000000000000138
getfile 0000000000000138 -> sz 33792
   getattr -> 33792
   unique: 104, success, outsize: 120
unique: 105, opcode: GETATTR (3), nodeid: 312, insize: 56, pid: 5943
isfile: 312 is a file
getattr 0000000000000138 1
isfile: 312 is a file
getfile 0000000000000138
getfile 0000000000000138 -> sz 33792
   getattr -> 33792
   unique: 105, success, outsize: 120
unique: 106, opcode: RELEASE (18), nodeid: 312, insize: 64, pid: 0
   unique: 106, success, outsize: 16
unique: 107, opcode: LOOKUP (1), nodeid: 1, insize: 53, pid: 5944
isfile: 1 is a dir
isdir: 1 is a dir
isfile: 312 is a file
getattr 0000000000000138 1
isfile: 312 is a file
getfile 0000000000000138
getfile 0000000000000138 -> sz 33792
   getattr -> 33792
   unique: 107, success, outsize: 144
unique: 108, opcode: GETATTR (3), nodeid: 312, insize: 56, pid: 5944
isfile: 312 is a file
getattr 0000000000000138 1
isfile: 312 is a file
getfile 0000000000000138
getfile 0000000000000138 -> sz 33792
   getattr -> 33792
   unique: 108, success, outsize: 120
unique: 109, opcode: LOOKUP (1), nodeid: 1, insize: 53, pid: 5944
isfile: 1 is a dir
isdir: 1 is a dir
isfile: 312 is a file
getattr 0000000000000138 1
isfile: 312 is a file
getfile 0000000000000138
getfile 0000000000000138 -> sz 33792
   getattr -> 33792
   unique: 109, success, outsize: 144
unique: 110, opcode: UNLINK (10), nodeid: 1, insize: 53, pid: 5944
isfile: 1 is a dir
isdir: 1 is a dir
isfile: 1 is a dir
isdir: 1 is a dir
   unique: 110, success, outsize: 16
unique: 111, opcode: FORGET (2), nodeid: 312, insize: 48, pid: 0
unique: 112, opcode: LOOKUP (1), nodeid: 1, insize: 46, pid: 5962
isfile: 1 is a dir
isdir: 1 is a dir
isfile: 313 is a dir
getattr 0000000000000139 0
isfile: 313 is a dir
isfile: 313 is a dir
isdir: 313 is a dir
getdir 0000000000000139
   getattr -> 1476356701 1476356701 1476356701
   unique: 112, success, outsize: 144
unique: 113, opcode: ACCESS (34), nodeid: 313, insize: 48, pid: 5962
   unique: 113, error: -38 (Function not implemented), outsize: 16
unique: 114, opcode: LOOKUP (1), nodeid: 1, insize: 46, pid: 5962
isfile: 1 is a dir
isdir: 1 is a dir
isfile: 313 is a dir
getattr 0000000000000139 0
isfile: 313 is a dir
isfile: 313 is a dir
isdir: 313 is a dir
getdir 0000000000000139
   getattr -> 1476356701 1476356702 1476356702
   unique: 114, success, outsize: 144
unique: 115, opcode: LOOKUP (1), nodeid: 313, insize: 43, pid: 5962
isfile: 313 is a dir
isdir: 313 is a dir
isfile: 314 is a file
getattr 000000000000013a 1
isfile: 314 is a file
getfile 000000000000013a
getfile 000000000000013a -> sz 3
   getattr -> 3
   unique: 115, success, outsize: 144
unique: 116, opcode: OPEN (14), nodeid: 314, insize: 48, pid: 5962
   unique: 116, success, outsize: 32
unique: 117, opcode: GETATTR (3), nodeid: 314, insize: 56, pid: 5962
isfile: 314 is a file
getattr 000000000000013a 1
isfile: 314 is a file
getfile 000000000000013a
getfile 000000000000013a -> sz 3
   getattr -> 3
   unique: 117, success, outsize: 120
unique: 118, opcode: READ (15), nodeid: 314, insize: 80, pid: 5962
   unique: 118, success, outsize: 19
unique: 119, opcode: RELEASE (18), nodeid: 314, insize: 64, pid: 0
   unique: 119, success, outsize: 16
unique: 120, opcode: LOOKUP (1), nodeid: 1, insize: 46, pid: 5962
isfile: 1 is a dir
isdir: 1 is a dir
isfile: 313 is a dir
getattr 0000000000000139 0
isfile: 313 is a dir
isfile: 313 is a dir
isdir: 313 is a dir
getdir 0000000000000139
   getattr -> 1476356701 1476356702 1476356702
   unique: 120, success, outsize: 144
unique: 121, opcode: LOOKUP (1), nodeid: 313, insize: 43, pid: 5962
isfile: 313 is a dir
isdir: 313 is a dir
isfile: 314 is a file
getattr 000000000000013a 1
isfile: 314 is a file
getfile 000000000000013a
getfile 000000000000013a -> sz 3
   getattr -> 3
   unique: 121, success, outsize: 144
unique: 122, opcode: UNLINK (10), nodeid: 313, insize: 43, pid: 5962
isfile: 313 is a dir
isdir: 313 is a dir
isfile: 313 is a dir
isdir: 313 is a dir
   unique: 122, success, outsize: 16
unique: 123, opcode: FORGET (2), nodeid: 314, insize: 48, pid: 0
unique: 124, opcode: LOOKUP (1), nodeid: 1, insize: 46, pid: 5962
isfile: 1 is a dir
isdir: 1 is a dir
isfile: 313 is a dir
getattr 0000000000000139 0
isfile: 313 is a dir
isfile: 313 is a dir
isdir: 313 is a dir
getdir 0000000000000139
   getattr -> 1476356701 1476356705 1476356705
   unique: 124, success, outsize: 144
unique: 125, opcode: LOOKUP (1), nodeid: 313, insize: 43, pid: 5962
isfile: 313 is a dir
isdir: 313 is a dir
   unique: 125, error: -2 (No such file or directory), outsize: 16
unique: 126, opcode: LOOKUP (1), nodeid: 1, insize: 46, pid: 5962
isfile: 1 is a dir
isdir: 1 is a dir
isfile: 313 is a dir
getattr 0000000000000139 0
isfile: 313 is a dir
isfile: 313 is a dir
isdir: 313 is a dir
getdir 0000000000000139
   getattr -> 1476356701 1476356706 1476356706
   unique: 126, success, outsize: 144
unique: 127, opcode: LOOKUP (1), nodeid: 313, insize: 43, pid: 5962
isfile: 313 is a dir
isdir: 313 is a dir
isfile: 316 is a file
getattr 000000000000013c 1
isfile: 316 is a file
getfile 000000000000013c
getfile 000000000000013c -> sz 3
   getattr -> 3
   unique: 127, success, outsize: 144
unique: 128, opcode: UNLINK (10), nodeid: 313, insize: 43, pid: 5962
isfile: 313 is a dir
isdir: 313 is a dir
isfile: 313 is a dir
isdir: 313 is a dir
   unique: 128, success, outsize: 16
unique: 129, opcode: FORGET (2), nodeid: 316, insize: 48, pid: 0
unique: 130, opcode: LOOKUP (1), nodeid: 1, insize: 46, pid: 5962
isfile: 1 is a dir
isdir: 1 is a dir
isfile: 313 is a dir
getattr 0000000000000139 0
isfile: 313 is a dir
isfile: 313 is a dir
isdir: 313 is a dir
getdir 0000000000000139
   getattr -> 1476356701 1476356707 1476356707
   unique: 130, success, outsize: 144
unique: 131, opcode: LOOKUP (1), nodeid: 313, insize: 43, pid: 5962
isfile: 313 is a dir
isdir: 313 is a dir
   unique: 131, error: -2 (No such file or directory), outsize: 16
unique: 132, opcode: LOOKUP (1), nodeid: 1, insize: 46, pid: 5962
isfile: 1 is a dir
isdir: 1 is a dir
isfile: 313 is a dir
getattr 0000000000000139 0
isfile: 313 is a dir
isfile: 313 is a dir
isdir: 313 is a dir
getdir 0000000000000139
   getattr -> 1476356701 1476356708 1476356708
   unique: 132, success, outsize: 144
unique: 133, opcode: LOOKUP (1), nodeid: 313, insize: 43, pid: 5962
isfile: 313 is a dir
isdir: 313 is a dir
isfile: 317 is a file
getattr 000000000000013d 1
isfile: 317 is a file
getfile 000000000000013d
getfile 000000000000013d -> sz 3
   getattr -> 3
   unique: 133, success, outsize: 144
unique: 134, opcode: OPEN (14), nodeid: 317, insize: 48, pid: 5962
   unique: 134, success, outsize: 32
unique: 135, opcode: GETATTR (3), nodeid: 317, insize: 56, pid: 5962
isfile: 317 is a file
getattr 000000000000013d 1
isfile: 317 is a file
getfile 000000000000013d
getfile 000000000000013d -> sz 3
   getattr -> 3
   unique: 135, success, outsize: 120
unique: 136, opcode: READ (15), nodeid: 317, insize: 80, pid: 5962
   unique: 136, success, outsize: 19
unique: 137, opcode: RELEASE (18), nodeid: 317, insize: 64, pid: 0
   unique: 137, success, outsize: 16
unique: 138, opcode: LOOKUP (1), nodeid: 1, insize: 46, pid: 5962
isfile: 1 is a dir
isdir: 1 is a dir
isfile: 313 is a dir
getattr 0000000000000139 0
isfile: 313 is a dir
isfile: 313 is a dir
isdir: 313 is a dir
getdir 0000000000000139
   getattr -> 1476356701 1476356709 1476356709
   unique: 138, success, outsize: 144
unique: 139, opcode: LOOKUP (1), nodeid: 313, insize: 44, pid: 5962
isfile: 313 is a dir
isdir: 313 is a dir
   unique: 139, error: -2 (No such file or directory), outsize: 16
unique: 140, opcode: CREATE (35), nodeid: 313, insize: 60, pid: 5962
isfile: 313 is a dir
isdir: 313 is a dir
isfile: 318 is a file
getattr 000000000000013e 1
isfile: 318 is a file
getfile 000000000000013e
getfile 000000000000013e -> sz 0
   getattr -> 0
   unique: 140, success, outsize: 160
OK: create returns.
unique: 141, opcode: WRITE (16), nodeid: 318, insize: 82, pid: 5962
   unique: 141, success, outsize: 24
unique: 142, opcode: RELEASE (18), nodeid: 318, insize: 64, pid: 0
   unique: 142, success, outsize: 16
unique: 143, opcode: LOOKUP (1), nodeid: 1, insize: 46, pid: 5962
isfile: 1 is a dir
isdir: 1 is a dir
isfile: 313 is a dir
getattr 0000000000000139 0
isfile: 313 is a dir
isfile: 313 is a dir
isdir: 313 is a dir
getdir 0000000000000139
   getattr -> 1476356701 1476356710 1476356710
   unique: 143, success, outsize: 144
unique: 144, opcode: LOOKUP (1), nodeid: 313, insize: 44, pid: 5962
isfile: 313 is a dir
isdir: 313 is a dir
isfile: 318 is a file
getattr 000000000000013e 1
isfile: 318 is a file
getfile 000000000000013e
getfile 000000000000013e -> sz 2
   getattr -> 2
   unique: 144, success, outsize: 144
unique: 145, opcode: UNLINK (10), nodeid: 313, insize: 44, pid: 5962
isfile: 313 is a dir
isdir: 313 is a dir
isfile: 313 is a dir
isdir: 313 is a dir
   unique: 145, success, outsize: 16
unique: 146, opcode: FORGET (2), nodeid: 318, insize: 48, pid: 0
unique: 147, opcode: LOOKUP (1), nodeid: 1, insize: 46, pid: 5962
isfile: 1 is a dir
isdir: 1 is a dir
isfile: 313 is a dir
getattr 0000000000000139 0
isfile: 313 is a dir
isfile: 313 is a dir
isdir: 313 is a dir
getdir 0000000000000139
   getattr -> 1476356701 1476356711 1476356711
   unique: 147, success, outsize: 144
unique: 148, opcode: LOOKUP (1), nodeid: 313, insize: 43, pid: 5962
isfile: 313 is a dir
isdir: 313 is a dir
   unique: 148, error: -2 (No such file or directory), outsize: 16
unique: 149, opcode: FORGET (2), nodeid: 317, insize: 48, pid: 0
unique: 150, opcode: LOOKUP (1), nodeid: 313, insize: 43, pid: 5962
isfile: 313 is a dir
isdir: 313 is a dir
   unique: 150, error: -2 (No such file or directory), outsize: 16
unique: 151, opcode: LOOKUP (1), nodeid: 1, insize: 46, pid: 5962
isfile: 1 is a dir
isdir: 1 is a dir
isfile: 313 is a dir
getattr 0000000000000139 0
isfile: 313 is a dir
isfile: 313 is a dir
isdir: 313 is a dir
getdir 0000000000000139
   getattr -> 1476356701 1476356711 1476356711
   unique: 151, success, outsize: 144
unique: 152, opcode: LOOKUP (1), nodeid: 313, insize: 43, pid: 5962
isfile: 313 is a dir
isdir: 313 is a dir
   unique: 152, error: -2 (No such file or directory), outsize: 16
unique: 153, opcode: CREATE (35), nodeid: 313, insize: 59, pid: 5962
isfile: 313 is a dir
isdir: 313 is a dir
isfile: 319 is a file
getattr 000000000000013f 1
isfile: 319 is a file
getfile 000000000000013f
getfile 000000000000013f -> sz 0
   getattr -> 0
   unique: 153, success, outsize: 160
OK: create returns.
unique: 154, opcode: WRITE (16), nodeid: 319, insize: 83, pid: 5962
   unique: 154, success, outsize: 24
unique: 155, opcode: RELEASE (18), nodeid: 319, insize: 64, pid: 0
   unique: 155, success, outsize: 16
unique: 156, opcode: LOOKUP (1), nodeid: 1, insize: 46, pid: 5962
isfile: 1 is a dir
isdir: 1 is a dir
isfile: 313 is a dir
getattr 0000000000000139 0
isfile: 313 is a dir
isfile: 313 is a dir
isdir: 313 is a dir
getdir 0000000000000139
   getattr -> 1476356701 1476356712 1476356712
   unique: 156, success, outsize: 144
unique: 157, opcode: LOOKUP (1), nodeid: 313, insize: 43, pid: 5962
isfile: 313 is a dir
isdir: 313 is a dir
isfile: 319 is a file
getattr 000000000000013f 1
isfile: 319 is a file
getfile 000000000000013f
getfile 000000000000013f -> sz 6
   getattr -> 6
   unique: 157, success, outsize: 144
unique: 158, opcode: OPEN (14), nodeid: 319, insize: 48, pid: 5962
   unique: 158, success, outsize: 32
unique: 159, opcode: WRITE (16), nodeid: 319, insize: 83, pid: 5962
   unique: 159, success, outsize: 24
unique: 160, opcode: RELEASE (18), nodeid: 319, insize: 64, pid: 0
   unique: 160, success, outsize: 16
unique: 161, opcode: LOOKUP (1), nodeid: 1, insize: 46, pid: 5962
isfile: 1 is a dir
isdir: 1 is a dir
isfile: 313 is a dir
getattr 0000000000000139 0
isfile: 313 is a dir
isfile: 313 is a dir
isdir: 313 is a dir
getdir 0000000000000139
   getattr -> 1476356701 1476356712 1476356712
   unique: 161, success, outsize: 144
unique: 162, opcode: LOOKUP (1), nodeid: 313, insize: 43, pid: 5962
isfile: 313 is a dir
isdir: 313 is a dir
isfile: 319 is a file
getattr 000000000000013f 1
isfile: 319 is a file
getfile 000000000000013f
getfile 000000000000013f -> sz 9
   getattr -> 9
   unique: 162, success, outsize: 144
unique: 163, opcode: OPEN (14), nodeid: 319, insize: 48, pid: 5962
   unique: 163, success, outsize: 32
unique: 164, opcode: GETATTR (3), nodeid: 319, insize: 56, pid: 5962
isfile: 319 is a file
getattr 000000000000013f 1
isfile: 319 is a file
getfile 000000000000013f
getfile 000000000000013f -> sz 9
   getattr -> 9
   unique: 164, success, outsize: 120
unique: 165, opcode: READ (15), nodeid: 319, insize: 80, pid: 5962
   unique: 165, success, outsize: 25
unique: 166, opcode: RELEASE (18), nodeid: 319, insize: 64, pid: 0
   unique: 166, success, outsize: 16
unique: 167, opcode: LOOKUP (1), nodeid: 1, insize: 46, pid: 5962
isfile: 1 is a dir
isdir: 1 is a dir
isfile: 313 is a dir
getattr 0000000000000139 0
isfile: 313 is a dir
isfile: 313 is a dir
isdir: 313 is a dir
getdir 0000000000000139
   getattr -> 1476356701 1476356712 1476356712
   unique: 167, success, outsize: 144
unique: 168, opcode: OPENDIR (27), nodeid: 313, insize: 48, pid: 5962
   unique: 168, success, outsize: 32
unique: 169, opcode: READDIR (28), nodeid: 313, insize: 80, pid: 5962
fuseserver_readdir
isfile: 313 is a dir
isdir: 313 is a dir
isfile: 313 is a dir
isdir: 313 is a dir
   unique: 169, success, outsize: 48
unique: 170, opcode: READDIR (28), nodeid: 313, insize: 80, pid: 5962
fuseserver_readdir
isfile: 313 is a dir
isdir: 313 is a dir
isfile: 313 is a dir
isdir: 313 is a dir
   unique: 170, success, outsize: 16
unique: 171, opcode: RELEASEDIR (29), nodeid: 313, insize: 64, pid: 0
   unique: 171, success, outsize: 16
unique: 172, opcode: LOOKUP (1), nodeid: 1, insize: 46, pid: 5962
isfile: 1 is a dir
isdir: 1 is a dir
isfile: 313 is a dir
getattr 0000000000000139 0
isfile: 313 is a dir
isfile: 313 is a dir
isdir: 313 is a dir
getdir 0000000000000139
   getattr -> 1476356701 1476356715 1476356715
   unique: 172, success, outsize: 144
unique: 173, opcode: OPENDIR (27), nodeid: 313, insize: 48, pid: 5962
   unique: 173, success, outsize: 32
unique: 174, opcode: READDIR (28), nodeid: 313, insize: 80, pid: 5962
fuseserver_readdir
isfile: 313 is a dir
isdir: 313 is a dir
isfile: 313 is a dir
isdir: 313 is a dir
   unique: 174, success, outsize: 16
unique: 175, opcode: RELEASEDIR (29), nodeid: 313, insize: 64, pid: 0
   unique: 175, success, outsize: 16
unique: 176, opcode: LOOKUP (1), nodeid: 1, insize: 46, pid: 5962
isfile: 1 is a dir
isdir: 1 is a dir
isfile: 313 is a dir
getattr 0000000000000139 0
isfile: 313 is a dir
isfile: 313 is a dir
isdir: 313 is a dir
getdir 0000000000000139
   getattr -> 1476356701 1476356715 1476356715
   unique: 176, success, outsize: 144
unique: 177, opcode: LOOKUP (1), nodeid: 313, insize: 43, pid: 5962
isfile: 313 is a dir
isdir: 313 is a dir
   unique: 177, error: -2 (No such file or directory), outsize: 16
unique: 178, opcode: CREATE (35), nodeid: 313, insize: 59, pid: 5962
isfile: 313 is a dir
isdir: 313 is a dir
isfile: 320 is a file
getattr 0000000000000140 1
isfile: 320 is a file
getfile 0000000000000140
getfile 0000000000000140 -> sz 0
   getattr -> 0
   unique: 178, success, outsize: 160
OK: create returns.
unique: 179, opcode: WRITE (16), nodeid: 320, insize: 83, pid: 5962
   unique: 179, success, outsize: 24
unique: 180, opcode: RELEASE (18), nodeid: 320, insize: 64, pid: 0
   unique: 180, success, outsize: 16
unique: 181, opcode: LOOKUP (1), nodeid: 1, insize: 46, pid: 5962
isfile: 1 is a dir
isdir: 1 is a dir
isfile: 313 is a dir
getattr 0000000000000139 0
isfile: 313 is a dir
isfile: 313 is a dir
isdir: 313 is a dir
getdir 0000000000000139
   getattr -> 1476356701 1476356717 1476356717
   unique: 181, success, outsize: 144
unique: 182, opcode: OPENDIR (27), nodeid: 313, insize: 48, pid: 5962
   unique: 182, success, outsize: 32
unique: 183, opcode: READDIR (28), nodeid: 313, insize: 80, pid: 5962
fuseserver_readdir
isfile: 313 is a dir
isdir: 313 is a dir
isfile: 313 is a dir
isdir: 313 is a dir
   unique: 183, success, outsize: 80
unique: 184, opcode: READDIR (28), nodeid: 313, insize: 80, pid: 5962
fuseserver_readdir
isfile: 313 is a dir
isdir: 313 is a dir
isfile: 313 is a dir
isdir: 313 is a dir
   unique: 184, success, outsize: 16
unique: 185, opcode: RELEASEDIR (29), nodeid: 313, insize: 64, pid: 0
   unique: 185, success, outsize: 16
unique: 186, opcode: LOOKUP (1), nodeid: 1, insize: 46, pid: 5962
isfile: 1 is a dir
isdir: 1 is a dir
isfile: 313 is a dir
getattr 0000000000000139 0
isfile: 313 is a dir
isfile: 313 is a dir
isdir: 313 is a dir
getdir 0000000000000139
   getattr -> 1476356701 1476356717 1476356717
   unique: 186, success, outsize: 144
unique: 187, opcode: LOOKUP (1), nodeid: 313, insize: 43, pid: 5962
isfile: 313 is a dir
isdir: 313 is a dir
isfile: 320 is a file
getattr 0000000000000140 1
isfile: 320 is a file
getfile 0000000000000140
getfile 0000000000000140 -> sz 3
   getattr -> 3
   unique: 187, success, outsize: 144
unique: 188, opcode: UNLINK (10), nodeid: 313, insize: 43, pid: 5962
isfile: 313 is a dir
isdir: 313 is a dir
isfile: 313 is a dir
isdir: 313 is a dir
   unique: 188, success, outsize: 16
unique: 189, opcode: FORGET (2), nodeid: 320, insize: 48, pid: 0
unique: 190, opcode: LOOKUP (1), nodeid: 1, insize: 46, pid: 5962
isfile: 1 is a dir
isdir: 1 is a dir
isfile: 313 is a dir
getattr 0000000000000139 0
isfile: 313 is a dir
isfile: 313 is a dir
isdir: 313 is a dir
getdir 0000000000000139
   getattr -> 1476356701 1476356718 1476356718
   unique: 190, success, outsize: 144
unique: 191, opcode: OPENDIR (27), nodeid: 313, insize: 48, pid: 5962
   unique: 191, success, outsize: 32
unique: 192, opcode: READDIR (28), nodeid: 313, insize: 80, pid: 5962
fuseserver_readdir
isfile: 313 is a dir
isdir: 313 is a dir
isfile: 313 is a dir
isdir: 313 is a dir
   unique: 192, success, outsize: 48
unique: 193, opcode: READDIR (28), nodeid: 313, insize: 80, pid: 5962
fuseserver_readdir
isfile: 313 is a dir
isdir: 313 is a dir
isfile: 313 is a dir
isdir: 313 is a dir
   unique: 193, success, outsize: 16
unique: 194, opcode: RELEASEDIR (29), nodeid: 313, insize: 64, pid: 0
   unique: 194, success, outsize: 16
unique: 195, opcode: LOOKUP (1), nodeid: 1, insize: 46, pid: 5962
isfile: 1 is a dir
isdir: 1 is a dir
isfile: 313 is a dir
getattr 0000000000000139 0
isfile: 313 is a dir
isfile: 313 is a dir
isdir: 313 is a dir
getdir 0000000000000139
   getattr -> 1476356701 1476356718 1476356718
   unique: 195, success, outsize: 144
unique: 196, opcode: LOOKUP (1), nodeid: 313, insize: 43, pid: 5962
isfile: 313 is a dir
isdir: 313 is a dir
isfile: 321 is a file
getattr 0000000000000141 1
isfile: 321 is a file
getfile 0000000000000141
getfile 0000000000000141 -> sz 3
   getattr -> 3
   unique: 196, success, outsize: 144
unique: 197, opcode: UNLINK (10), nodeid: 313, insize: 43, pid: 5962
isfile: 313 is a dir
isdir: 313 is a dir
isfile: 313 is a dir
isdir: 313 is a dir
   unique: 197, success, outsize: 16
unique: 198, opcode: FORGET (2), nodeid: 321, insize: 48, pid: 0
unique: 199, opcode: LOOKUP (1), nodeid: 1, insize: 46, pid: 5962
isfile: 1 is a dir
isdir: 1 is a dir
isfile: 313 is a dir
getattr 0000000000000139 0
isfile: 313 is a dir
isfile: 313 is a dir
isdir: 313 is a dir
getdir 0000000000000139
   getattr -> 1476356701 1476356719 1476356719
   unique: 199, success, outsize: 144
unique: 200, opcode: OPENDIR (27), nodeid: 313, insize: 48, pid: 5962
   unique: 200, success, outsize: 32
unique: 201, opcode: READDIR (28), nodeid: 313, insize: 80, pid: 5962
fuseserver_readdir
isfile: 313 is a dir
isdir: 313 is a dir
isfile: 313 is a dir
isdir: 313 is a dir
   unique: 201, success, outsize: 16
unique: 202, opcode: RELEASEDIR (29), nodeid: 313, insize: 64, pid: 0
   unique: 202, success, outsize: 16
unique: 203, opcode: LOOKUP (1), nodeid: 1, insize: 46, pid: 5962
isfile: 1 is a dir
isdir: 1 is a dir
isfile: 313 is a dir
getattr 0000000000000139 0
isfile: 313 is a dir
isfile: 313 is a dir
isdir: 313 is a dir
getdir 0000000000000139
   getattr -> 1476356701 1476356720 1476356720
   unique: 203, success, outsize: 144
unique: 204, opcode: LOOKUP (1), nodeid: 313, insize: 45, pid: 5962
isfile: 313 is a dir
isdir: 313 is a dir
   unique: 204, error: -2 (No such file or directory), outsize: 16
unique: 205, opcode: CREATE (35), nodeid: 313, insize: 61, pid: 5962
isfile: 313 is a dir
isdir: 313 is a dir
isfile: 332 is a file
getattr 000000000000014c 1
isfile: 332 is a file
getfile 000000000000014c
getfile 000000000000014c -> sz 0
   getattr -> 0
   unique: 205, success, outsize: 160
OK: create returns.
unique: 206, opcode: WRITE (16), nodeid: 332, insize: 84, pid: 5962
   unique: 206, success, outsize: 24
unique: 207, opcode: RELEASE (18), nodeid: 332, insize: 64, pid: 0
   unique: 207, success, outsize: 16
unique: 208, opcode: LOOKUP (1), nodeid: 1, insize: 46, pid: 5962
isfile: 1 is a dir
isdir: 1 is a dir
isfile: 313 is a dir
getattr 0000000000000139 0
isfile: 313 is a dir
isfile: 313 is a dir
isdir: 313 is a dir
getdir 0000000000000139
   getattr -> 1476356701 1476356721 1476356721
   unique: 208, success, outsize: 144
unique: 209, opcode: LOOKUP (1), nodeid: 313, insize: 45, pid: 5962
isfile: 313 is a dir
isdir: 313 is a dir
   unique: 209, error: -2 (No such file or directory), outsize: 16
unique: 210, opcode: CREATE (35), nodeid: 313, insize: 61, pid: 5962
isfile: 313 is a dir
isdir: 313 is a dir
isfile: 333 is a file
getattr 000000000000014d 1
isfile: 333 is a file
getfile 000000000000014d
getfile 000000000000014d -> sz 0
   getattr -> 0
   unique: 210, success, outsize: 160
OK: create returns.
unique: 211, opcode: WRITE (16), nodeid: 333, insize: 84, pid: 5962
   unique: 211, success, outsize: 24
unique: 212, opcode: RELEASE (18), nodeid: 333, insize: 64, pid: 0
   unique: 212, success, outsize: 16
unique: 213, opcode: LOOKUP (1), nodeid: 1, insize: 46, pid: 5962
isfile: 1 is a dir
isdir: 1 is a dir
isfile: 313 is a dir
getattr 0000000000000139 0
isfile: 313 is a dir
isfile: 313 is a dir
isdir: 313 is a dir
getdir 0000000000000139
   getattr -> 1476356701 1476356721 1476356721
   unique: 213, success, outsize: 144
unique: 214, opcode: LOOKUP (1), nodeid: 313, insize: 45, pid: 5962
isfile: 313 is a dir
isdir: 313 is a dir
   unique: 214, error: -2 (No such file or directory), outsize: 16
unique: 215, opcode: CREATE (35), nodeid: 313, insize: 61, pid: 5962
isfile: 313 is a dir
isdir: 313 is a dir
isfile: 334 is a file
getattr 000000000000014e 1
isfile: 334 is a file
getfile 000000000000014e
getfile 000000000000014e -> sz 0
   getattr -> 0
   unique: 215, success, outsize: 160
OK: create returns.
unique: 216, opcode: WRITE (16), nodeid: 334, insize: 84, pid: 5962
   unique: 216, success, outsize: 24
unique: 217, opcode: RELEASE (18), nodeid: 334, insize: 64, pid: 0
   unique: 217, success, outsize: 16
unique: 218, opcode: LOOKUP (1), nodeid: 1, insize: 46, pid: 5962
isfile: 1 is a dir
isdir: 1 is a dir
isfile: 313 is a dir
getattr 0000000000000139 0
isfile: 313 is a dir
isfile: 313 is a dir
isdir: 313 is a dir
getdir 0000000000000139
   getattr -> 1476356701 1476356721 1476356721
   unique: 218, success, outsize: 144
unique: 219, opcode: LOOKUP (1), nodeid: 313, insize: 45, pid: 5962
isfile: 313 is a dir
isdir: 313 is a dir
   unique: 219, error: -2 (No such file or directory), outsize: 16
unique: 220, opcode: CREATE (35), nodeid: 313, insize: 61, pid: 5962
isfile: 313 is a dir
isdir: 313 is a dir
isfile: 335 is a file
getattr 000000000000014f 1
isfile: 335 is a file
getfile 000000000000014f
getfile 000000000000014f -> sz 0
   getattr -> 0
   unique: 220, success, outsize: 160
OK: create returns.
unique: 221, opcode: WRITE (16), nodeid: 335, insize: 84, pid: 5962
   unique: 221, success, outsize: 24
unique: 222, opcode: RELEASE (18), nodeid: 335, insize: 64, pid: 0
   unique: 222, success, outsize: 16
unique: 223, opcode: LOOKUP (1), nodeid: 1, insize: 46, pid: 5962
isfile: 1 is a dir
isdir: 1 is a dir
isfile: 313 is a dir
getattr 0000000000000139 0
isfile: 313 is a dir
isfile: 313 is a dir
isdir: 313 is a dir
getdir 0000000000000139
   getattr -> 1476356701 1476356721 1476356721
   unique: 223, success, outsize: 144
unique: 224, opcode: LOOKUP (1), nodeid: 313, insize: 45, pid: 5962
isfile: 313 is a dir
isdir: 313 is a dir
   unique: 224, error: -2 (No such file or directory), outsize: 16
unique: 225, opcode: CREATE (35), nodeid: 313, insize: 61, pid: 5962
isfile: 313 is a dir
isdir: 313 is a dir
isfile: 336 is a file
getattr 0000000000000150 1
isfile: 336 is a file
getfile 0000000000000150
getfile 0000000000000150 -> sz 0
   getattr -> 0
   unique: 225, success, outsize: 160
OK: create returns.
unique: 226, opcode: WRITE (16), nodeid: 336, insize: 84, pid: 5962
   unique: 226, success, outsize: 24
unique: 227, opcode: RELEASE (18), nodeid: 336, insize: 64, pid: 0
   unique: 227, success, outsize: 16
unique: 228, opcode: LOOKUP (1), nodeid: 1, insize: 46, pid: 5962
isfile: 1 is a dir
isdir: 1 is a dir
isfile: 313 is a dir
getattr 0000000000000139 0
isfile: 313 is a dir
isfile: 313 is a dir
isdir: 313 is a dir
getdir 0000000000000139
   getattr -> 1476356701 1476356721 1476356721
   unique: 228, success, outsize: 144
unique: 229, opcode: LOOKUP (1), nodeid: 313, insize: 45, pid: 5962
isfile: 313 is a dir
isdir: 313 is a dir
   unique: 229, error: -2 (No such file or directory), outsize: 16
unique: 230, opcode: CREATE (35), nodeid: 313, insize: 61, pid: 5962
isfile: 313 is a dir
isdir: 313 is a dir
isfile: 337 is a file
getattr 0000000000000151 1
isfile: 337 is a file
getfile 0000000000000151
getfile 0000000000000151 -> sz 0
   getattr -> 0
   unique: 230, success, outsize: 160
OK: create returns.
unique: 231, opcode: WRITE (16), nodeid: 337, insize: 84, pid: 5962
   unique: 231, success, outsize: 24
unique: 232, opcode: RELEASE (18), nodeid: 337, insize: 64, pid: 0
   unique: 232, success, outsize: 16
unique: 233, opcode: LOOKUP (1), nodeid: 1, insize: 46, pid: 5962
isfile: 1 is a dir
isdir: 1 is a dir
isfile: 313 is a dir
getattr 0000000000000139 0
isfile: 313 is a dir
isfile: 313 is a dir
isdir: 313 is a dir
getdir 0000000000000139
   getattr -> 1476356701 1476356721 1476356721
   unique: 233, success, outsize: 144
unique: 234, opcode: LOOKUP (1), nodeid: 313, insize: 45, pid: 5962
isfile: 313 is a dir
isdir: 313 is a dir
   unique: 234, error: -2 (No such file or directory), outsize: 16
unique: 235, opcode: CREATE (35), nodeid: 313, insize: 61, pid: 5962
isfile: 313 is a dir
isdir: 313 is a dir
isfile: 338 is a file
getattr 0000000000000152 1
isfile: 338 is a file
getfile 0000000000000152
getfile 0000000000000152 -> sz 0
   getattr -> 0
   unique: 235, success, outsize: 160
OK: create returns.
unique: 236, opcode: WRITE (16), nodeid: 338, insize: 84, pid: 5962
   unique: 236, success, outsize: 24
unique: 237, opcode: RELEASE (18), nodeid: 338, insize: 64, pid: 0
   unique: 237, success, outsize: 16
unique: 238, opcode: LOOKUP (1), nodeid: 1, insize: 46, pid: 5962
isfile: 1 is a dir
isdir: 1 is a dir
isfile: 313 is a dir
getattr 0000000000000139 0
isfile: 313 is a dir
isfile: 313 is a dir
isdir: 313 is a dir
getdir 0000000000000139
   getattr -> 1476356701 1476356721 1476356721
   unique: 238, success, outsize: 144
unique: 239, opcode: LOOKUP (1), nodeid: 313, insize: 45, pid: 5962
isfile: 313 is a dir
isdir: 313 is a dir
   unique: 239, error: -2 (No such file or directory), outsize: 16
unique: 240, opcode: CREATE (35), nodeid: 313, insize: 61, pid: 5962
isfile: 313 is a dir
isdir: 313 is a dir
isfile: 339 is a file
getattr 0000000000000153 1
isfile: 339 is a file
getfile 0000000000000153
getfile 0000000000000153 -> sz 0
   getattr -> 0
   unique: 240, success, outsize: 160
OK: create returns.
unique: 241, opcode: WRITE (16), nodeid: 339, insize: 84, pid: 5962
   unique: 241, success, outsize: 24
unique: 242, opcode: RELEASE (18), nodeid: 339, insize: 64, pid: 0
   unique: 242, success, outsize: 16
unique: 243, opcode: LOOKUP (1), nodeid: 1, insize: 46, pid: 5962
isfile: 1 is a dir
isdir: 1 is a dir
isfile: 313 is a dir
getattr 0000000000000139 0
isfile: 313 is a dir
isfile: 313 is a dir
isdir: 313 is a dir
getdir 0000000000000139
   getattr -> 1476356701 1476356721 1476356721
   unique: 243, success, outsize: 144
unique: 244, opcode: LOOKUP (1), nodeid: 313, insize: 45, pid: 5962
isfile: 313 is a dir
isdir: 313 is a dir
   unique: 244, error: -2 (No such file or directory), outsize: 16
unique: 245, opcode: CREATE (35), nodeid: 313, insize: 61, pid: 5962
isfile: 313 is a dir
isdir: 313 is a dir
isfile: 340 is a file
getattr 0000000000000154 1
isfile: 340 is a file
getfile 0000000000000154
getfile 0000000000000154 -> sz 0
   getattr -> 0
   unique: 245, success, outsize: 160
OK: create returns.
unique: 246, opcode: WRITE (16), nodeid: 340, insize: 84, pid: 5962
   unique: 246, success, outsize: 24
unique: 247, opcode: RELEASE (18), nodeid: 340, insize: 64, pid: 0
   unique: 247, success, outsize: 16
unique: 248, opcode: LOOKUP (1), nodeid: 1, insize: 46, pid: 5962
isfile: 1 is a dir
isdir: 1 is a dir
isfile: 313 is a dir
getattr 0000000000000139 0
isfile: 313 is a dir
isfile: 313 is a dir
isdir: 313 is a dir
getdir 0000000000000139
   getattr -> 1476356701 1476356721 1476356721
   unique: 248, success, outsize: 144
unique: 249, opcode: LOOKUP (1), nodeid: 313, insize: 45, pid: 5962
isfile: 313 is a dir
isdir: 313 is a dir
   unique: 249, error: -2 (No such file or directory), outsize: 16
unique: 250, opcode: CREATE (35), nodeid: 313, insize: 61, pid: 5962
isfile: 313 is a dir
isdir: 313 is a dir
isfile: 341 is a file
getattr 0000000000000155 1
isfile: 341 is a file
getfile 0000000000000155
getfile 0000000000000155 -> sz 0
   getattr -> 0
   unique: 250, success, outsize: 160
OK: create returns.
unique: 251, opcode: WRITE (16), nodeid: 341, insize: 84, pid: 5962
   unique: 251, success, outsize: 24
unique: 252, opcode: RELEASE (18), nodeid: 341, insize: 64, pid: 0
   unique: 252, success, outsize: 16
unique: 253, opcode: LOOKUP (1), nodeid: 1, insize: 46, pid: 5962
isfile: 1 is a dir
isdir: 1 is a dir
isfile: 313 is a dir
getattr 0000000000000139 0
isfile: 313 is a dir
isfile: 313 is a dir
isdir: 313 is a dir
getdir 0000000000000139
   getattr -> 1476356701 1476356721 1476356721
   unique: 253, success, outsize: 144
unique: 254, opcode: OPENDIR (27), nodeid: 313, insize: 48, pid: 5962
   unique: 254, success, outsize: 32
unique: 255, opcode: READDIR (28), nodeid: 313, insize: 80, pid: 5962
fuseserver_readdir
isfile: 313 is a dir
isdir: 313 is a dir
isfile: 313 is a dir
isdir: 313 is a dir
   unique: 255, success, outsize: 656
unique: 256, opcode: READDIR (28), nodeid: 313, insize: 80, pid: 5962
fuseserver_readdir
isfile: 313 is a dir
isdir: 313 is a dir
isfile: 313 is a dir
isdir: 313 is a dir
   unique: 256, success, outsize: 16
unique: 257, opcode: RELEASEDIR (29), nodeid: 313, insize: 64, pid: 0
   unique: 257, success, outsize: 16
unique: 258, opcode: LOOKUP (1), nodeid: 1, insize: 46, pid: 5962
isfile: 1 is a dir
isdir: 1 is a dir
isfile: 313 is a dir
getattr 0000000000000139 0
isfile: 313 is a dir
isfile: 313 is a dir
isdir: 313 is a dir
getdir 0000000000000139
   getattr -> 1476356701 1476356721 1476356721
   unique: 258, success, outsize: 144
unique: 259, opcode: LOOKUP (1), nodeid: 313, insize: 45, pid: 5962
isfile: 313 is a dir
isdir: 313 is a dir
isfile: 332 is a file
getattr 000000000000014c 1
isfile: 332 is a file
getfile 000000000000014c
getfile 000000000000014c -> sz 4
   getattr -> 4
   unique: 259, success, outsize: 144
unique: 260, opcode: OPEN (14), nodeid: 332, insize: 48, pid: 5962
   unique: 260, success, outsize: 32
unique: 261, opcode: READ (15), nodeid: 332, insize: 80, pid: 5962
   unique: 261, success, outsize: 20
unique: 262, opcode: RELEASE (18), nodeid: 332, insize: 64, pid: 0
   unique: 262, success, outsize: 16
unique: 263, opcode: LOOKUP (1), nodeid: 1, insize: 46, pid: 5962
isfile: 1 is a dir
isdir: 1 is a dir
isfile: 313 is a dir
getattr 0000000000000139 0
isfile: 313 is a dir
isfile: 313 is a dir
isdir: 313 is a dir
getdir 0000000000000139
   getattr -> 1476356701 1476356721 1476356721
   unique: 263, success, outsize: 144
unique: 264, opcode: LOOKUP (1), nodeid: 313, insize: 45, pid: 5962
isfile: 313 is a dir
isdir: 313 is a dir
isfile: 333 is a file
getattr 000000000000014d 1
isfile: 333 is a file
getfile 000000000000014d
getfile 000000000000014d -> sz 4
   getattr -> 4
   unique: 264, success, outsize: 144
unique: 265, opcode: OPEN (14), nodeid: 333, insize: 48, pid: 5962
   unique: 265, success, outsize: 32
unique: 266, opcode: READ (15), nodeid: 333, insize: 80, pid: 5962
   unique: 266, success, outsize: 20
unique: 267, opcode: RELEASE (18), nodeid: 333, insize: 64, pid: 0
   unique: 267, success, outsize: 16
unique: 268, opcode: LOOKUP (1), nodeid: 1, insize: 46, pid: 5962
isfile: 1 is a dir
isdir: 1 is a dir
isfile: 313 is a dir
getattr 0000000000000139 0
isfile: 313 is a dir
isfile: 313 is a dir
isdir: 313 is a dir
getdir 0000000000000139
   getattr -> 1476356701 1476356721 1476356721
   unique: 268, success, outsize: 144
unique: 269, opcode: LOOKUP (1), nodeid: 313, insize: 45, pid: 5962
isfile: 313 is a dir
isdir: 313 is a dir
isfile: 334 is a file
getattr 000000000000014e 1
isfile: 334 is a file
getfile 000000000000014e
getfile 000000000000014e -> sz 4
   getattr -> 4
   unique: 269, success, outsize: 144
unique: 270, opcode: OPEN (14), nodeid: 334, insize: 48, pid: 5962
   unique: 270, success, outsize: 32
unique: 271, opcode: READ (15), nodeid: 334, insize: 80, pid: 5962
   unique: 271, success, outsize: 20
unique: 272, opcode: RELEASE (18), nodeid: 334, insize: 64, pid: 0
   unique: 272, success, outsize: 16
unique: 273, opcode: LOOKUP (1), nodeid: 1, insize: 46, pid: 5962
isfile: 1 is a dir
isdir: 1 is a dir
isfile: 313 is a dir
getattr 0000000000000139 0
isfile: 313 is a dir
isfile: 313 is a dir
isdir: 313 is a dir
getdir 0000000000000139
   getattr -> 1476356701 1476356721 1476356721
   unique: 273, success, outsize: 144
unique: 274, opcode: LOOKUP (1), nodeid: 313, insize: 45, pid: 5962
isfile: 313 is a dir
isdir: 313 is a dir
isfile: 335 is a file
getattr 000000000000014f 1
isfile: 335 is a file
getfile 000000000000014f
getfile 000000000000014f -> sz 4
   getattr -> 4
   unique: 274, success, outsize: 144
unique: 275, opcode: OPEN (14), nodeid: 335, insize: 48, pid: 5962
   unique: 275, success, outsize: 32
unique: 276, opcode: READ (15), nodeid: 335, insize: 80, pid: 5962
   unique: 276, success, outsize: 20
unique: 277, opcode: RELEASE (18), nodeid: 335, insize: 64, pid: 0
   unique: 277, success, outsize: 16
unique: 278, opcode: LOOKUP (1), nodeid: 1, insize: 46, pid: 5962
isfile: 1 is a dir
isdir: 1 is a dir
isfile: 313 is a dir
getattr 0000000000000139 0
isfile: 313 is a dir
isfile: 313 is a dir
isdir: 313 is a dir
getdir 0000000000000139
   getattr -> 1476356701 1476356721 1476356721
   unique: 278, success, outsize: 144
unique: 279, opcode: LOOKUP (1), nodeid: 313, insize: 45, pid: 5962
isfile: 313 is a dir
isdir: 313 is a dir
isfile: 336 is a file
getattr 0000000000000150 1
isfile: 336 is a file
getfile 0000000000000150
getfile 0000000000000150 -> sz 4
   getattr -> 4
   unique: 279, success, outsize: 144
unique: 280, opcode: OPEN (14), nodeid: 336, insize: 48, pid: 5962
   unique: 280, success, outsize: 32
unique: 281, opcode: READ (15), nodeid: 336, insize: 80, pid: 5962
   unique: 281, success, outsize: 20
unique: 282, opcode: RELEASE (18), nodeid: 336, insize: 64, pid: 0
   unique: 282, success, outsize: 16
unique: 283, opcode: LOOKUP (1), nodeid: 1, insize: 46, pid: 5962
isfile: 1 is a dir
isdir: 1 is a dir
isfile: 313 is a dir
getattr 0000000000000139 0
isfile: 313 is a dir
isfile: 313 is a dir
isdir: 313 is a dir
getdir 0000000000000139
   getattr -> 1476356701 1476356721 1476356721
   unique: 283, success, outsize: 144
unique: 284, opcode: LOOKUP (1), nodeid: 313, insize: 45, pid: 5962
isfile: 313 is a dir
isdir: 313 is a dir
isfile: 337 is a file
getattr 0000000000000151 1
isfile: 337 is a file
getfile 0000000000000151
getfile 0000000000000151 -> sz 4
   getattr -> 4
   unique: 284, success, outsize: 144
unique: 285, opcode: OPEN (14), nodeid: 337, insize: 48, pid: 5962
   unique: 285, success, outsize: 32
unique: 286, opcode: READ (15), nodeid: 337, insize: 80, pid: 5962
   unique: 286, success, outsize: 20
unique: 287, opcode: RELEASE (18), nodeid: 337, insize: 64, pid: 0
   unique: 287, success, outsize: 16
unique: 288, opcode: LOOKUP (1), nodeid: 1, insize: 46, pid: 5962
isfile: 1 is a dir
isdir: 1 is a dir
isfile: 313 is a dir
getattr 0000000000000139 0
isfile: 313 is a dir
isfile: 313 is a dir
isdir: 313 is a dir
getdir 0000000000000139
   getattr -> 1476356701 1476356721 1476356721
   unique: 288, success, outsize: 144
unique: 289, opcode: LOOKUP (1), nodeid: 313, insize: 45, pid: 5962
isfile: 313 is a dir
isdir: 313 is a dir
isfile: 338 is a file
getattr 0000000000000152 1
isfile: 338 is a file
getfile 0000000000000152
getfile 0000000000000152 -> sz 4
   getattr -> 4
   unique: 289, success, outsize: 144
unique: 290, opcode: OPEN (14), nodeid: 338, insize: 48, pid: 5962
   unique: 290, success, outsize: 32
unique: 291, opcode: READ (15), nodeid: 338, insize: 80, pid: 5962
   unique: 291, success, outsize: 20
unique: 292, opcode: RELEASE (18), nodeid: 338, insize: 64, pid: 0
   unique: 292, success, outsize: 16
unique: 293, opcode: LOOKUP (1), nodeid: 1, insize: 46, pid: 5962
isfile: 1 is a dir
isdir: 1 is a dir
isfile: 313 is a dir
getattr 0000000000000139 0
isfile: 313 is a dir
isfile: 313 is a dir
isdir: 313 is a dir
getdir 0000000000000139
   getattr -> 1476356701 1476356721 1476356721
   unique: 293, success, outsize: 144
unique: 294, opcode: LOOKUP (1), nodeid: 313, insize: 45, pid: 5962
isfile: 313 is a dir
isdir: 313 is a dir
isfile: 339 is a file
getattr 0000000000000153 1
isfile: 339 is a file
getfile 0000000000000153
getfile 0000000000000153 -> sz 4
   getattr -> 4
   unique: 294, success, outsize: 144
unique: 295, opcode: OPEN (14), nodeid: 339, insize: 48, pid: 5962
   unique: 295, success, outsize: 32
unique: 296, opcode: READ (15), nodeid: 339, insize: 80, pid: 5962
   unique: 296, success, outsize: 20
unique: 297, opcode: RELEASE (18), nodeid: 339, insize: 64, pid: 0
   unique: 297, success, outsize: 16
unique: 298, opcode: LOOKUP (1), nodeid: 1, insize: 46, pid: 5962
isfile: 1 is a dir
isdir: 1 is a dir
isfile: 313 is a dir
getattr 0000000000000139 0
isfile: 313 is a dir
isfile: 313 is a dir
isdir: 313 is a dir
getdir 0000000000000139
   getattr -> 1476356701 1476356721 1476356721
   unique: 298, success, outsize: 144
unique: 299, opcode: LOOKUP (1), nodeid: 313, insize: 45, pid: 5962
isfile: 313 is a dir
isdir: 313 is a dir
isfile: 340 is a file
getattr 0000000000000154 1
isfile: 340 is a file
getfile 0000000000000154
getfile 0000000000000154 -> sz 4
   getattr -> 4
   unique: 299, success, outsize: 144
unique: 300, opcode: OPEN (14), nodeid: 340, insize: 48, pid: 5962
   unique: 300, success, outsize: 32
unique: 301, opcode: READ (15), nodeid: 340, insize: 80, pid: 5962
   unique: 301, success, outsize: 20
unique: 302, opcode: RELEASE (18), nodeid: 340, insize: 64, pid: 0
   unique: 302, success, outsize: 16
unique: 303, opcode: LOOKUP (1), nodeid: 1, insize: 46, pid: 5962
isfile: 1 is a dir
isdir: 1 is a dir
isfile: 313 is a dir
getattr 0000000000000139 0
isfile: 313 is a dir
isfile: 313 is a dir
isdir: 313 is a dir
getdir 0000000000000139
   getattr -> 1476356701 1476356721 1476356721
   unique: 303, success, outsize: 144
unique: 304, opcode: LOOKUP (1), nodeid: 313, insize: 45, pid: 5962
isfile: 313 is a dir
isdir: 313 is a dir
isfile: 341 is a file
getattr 0000000000000155 1
isfile: 341 is a file
getfile 0000000000000155
getfile 0000000000000155 -> sz 4
   getattr -> 4
   unique: 304, success, outsize: 144
unique: 305, opcode: OPEN (14), nodeid: 341, insize: 48, pid: 5962
   unique: 305, success, outsize: 32
unique: 306, opcode: READ (15), nodeid: 341, insize: 80, pid: 5962
   unique: 306, success, outsize: 20
unique: 307, opcode: RELEASE (18), nodeid: 341, insize: 64, pid: 0
   unique: 307, success, outsize: 16
unique: 308, opcode: LOOKUP (1), nodeid: 1, insize: 46, pid: 5962
isfile: 1 is a dir
isdir: 1 is a dir
isfile: 313 is a dir
getattr 0000000000000139 0
isfile: 313 is a dir
isfile: 313 is a dir
isdir: 313 is a dir
getdir 0000000000000139
   getattr -> 1476356701 1476356721 1476356721
   unique: 308, success, outsize: 144
unique: 309, opcode: LOOKUP (1), nodeid: 313, insize: 45, pid: 5962
isfile: 313 is a dir
isdir: 313 is a dir
isfile: 322 is a file
getattr 0000000000000142 1
isfile: 322 is a file
getfile 0000000000000142
getfile 0000000000000142 -> sz 4
   getattr -> 4
   unique: 309, success, outsize: 144
unique: 310, opcode: OPEN (14), nodeid: 322, insize: 48, pid: 5962
   unique: 310, success, outsize: 32
unique: 311, opcode: READ (15), nodeid: 322, insize: 80, pid: 5962
   unique: 311, success, outsize: 20
unique: 312, opcode: RELEASE (18), nodeid: 322, insize: 64, pid: 0
   unique: 312, success, outsize: 16
unique: 313, opcode: LOOKUP (1), nodeid: 1, insize: 46, pid: 5962
isfile: 1 is a dir
isdir: 1 is a dir
isfile: 313 is a dir
getattr 0000000000000139 0
isfile: 313 is a dir
isfile: 313 is a dir
isdir: 313 is a dir
getdir 0000000000000139
   getattr -> 1476356701 1476356721 1476356721
   unique: 313, success, outsize: 144
unique: 314, opcode: LOOKUP (1), nodeid: 313, insize: 45, pid: 5962
isfile: 313 is a dir
isdir: 313 is a dir
isfile: 323 is a file
getattr 0000000000000143 1
isfile: 323 is a file
getfile 0000000000000143
getfile 0000000000000143 -> sz 4
   getattr -> 4
   unique: 314, success, outsize: 144
unique: 315, opcode: OPEN (14), nodeid: 323, insize: 48, pid: 5962
   unique: 315, success, outsize: 32
unique: 316, opcode: READ (15), nodeid: 323, insize: 80, pid: 5962
   unique: 316, success, outsize: 20
unique: 317, opcode: RELEASE (18), nodeid: 323, insize: 64, pid: 0
   unique: 317, success, outsize: 16
unique: 318, opcode: LOOKUP (1), nodeid: 1, insize: 46, pid: 5962
isfile: 1 is a dir
isdir: 1 is a dir
isfile: 313 is a dir
getattr 0000000000000139 0
isfile: 313 is a dir
isfile: 313 is a dir
isdir: 313 is a dir
getdir 0000000000000139
   getattr -> 1476356701 1476356721 1476356721
   unique: 318, success, outsize: 144
unique: 319, opcode: LOOKUP (1), nodeid: 313, insize: 45, pid: 5962
isfile: 313 is a dir
isdir: 313 is a dir
isfile: 324 is a file
getattr 0000000000000144 1
isfile: 324 is a file
getfile 0000000000000144
getfile 0000000000000144 -> sz 4
   getattr -> 4
   unique: 319, success, outsize: 144
unique: 320, opcode: OPEN (14), nodeid: 324, insize: 48, pid: 5962
   unique: 320, success, outsize: 32
unique: 321, opcode: READ (15), nodeid: 324, insize: 80, pid: 5962
   unique: 321, success, outsize: 20
unique: 322, opcode: RELEASE (18), nodeid: 324, insize: 64, pid: 0
   unique: 322, success, outsize: 16
unique: 323, opcode: LOOKUP (1), nodeid: 1, insize: 46, pid: 5962
isfile: 1 is a dir
isdir: 1 is a dir
isfile: 313 is a dir
getattr 0000000000000139 0
isfile: 313 is a dir
isfile: 313 is a dir
isdir: 313 is a dir
getdir 0000000000000139
   getattr -> 1476356701 1476356721 1476356721
   unique: 323, success, outsize: 144
unique: 324, opcode: LOOKUP (1), nodeid: 313, insize: 45, pid: 5962
isfile: 313 is a dir
isdir: 313 is a dir
isfile: 325 is a file
getattr 0000000000000145 1
isfile: 325 is a file
getfile 0000000000000145
getfile 0000000000000145 -> sz 4
   getattr -> 4
   unique: 324, success, outsize: 144
unique: 325, opcode: OPEN (14), nodeid: 325, insize: 48, pid: 5962
   unique: 325, success, outsize: 32
unique: 326, opcode: READ (15), nodeid: 325, insize: 80, pid: 5962
   unique: 326, success, outsize: 20
unique: 327, opcode: RELEASE (18), nodeid: 325, insize: 64, pid: 0
   unique: 327, success, outsize: 16
unique: 328, opcode: LOOKUP (1), nodeid: 1, insize: 46, pid: 5962
isfile: 1 is a dir
isdir: 1 is a dir
isfile: 313 is a dir
getattr 0000000000000139 0
isfile: 313 is a dir
isfile: 313 is a dir
isdir: 313 is a dir
getdir 0000000000000139
   getattr -> 1476356701 1476356721 1476356721
   unique: 328, success, outsize: 144
unique: 329, opcode: LOOKUP (1), nodeid: 313, insize: 45, pid: 5962
isfile: 313 is a dir
isdir: 313 is a dir
isfile: 326 is a file
getattr 0000000000000146 1
isfile: 326 is a file
getfile 0000000000000146
getfile 0000000000000146 -> sz 4
   getattr -> 4
   unique: 329, success, outsize: 144
unique: 330, opcode: OPEN (14), nodeid: 326, insize: 48, pid: 5962
   unique: 330, success, outsize: 32
unique: 331, opcode: READ (15), nodeid: 326, insize: 80, pid: 5962
   unique: 331, success, outsize: 20
unique: 332, opcode: RELEASE (18), nodeid: 326, insize: 64, pid: 0
   unique: 332, success, outsize: 16
unique: 333, opcode: LOOKUP (1), nodeid: 1, insize: 46, pid: 5962
isfile: 1 is a dir
isdir: 1 is a dir
isfile: 313 is a dir
getattr 0000000000000139 0
isfile: 313 is a dir
isfile: 313 is a dir
isdir: 313 is a dir
getdir 0000000000000139
   getattr -> 1476356701 1476356721 1476356721
   unique: 333, success, outsize: 144
unique: 334, opcode: LOOKUP (1), nodeid: 313, insize: 45, pid: 5962
isfile: 313 is a dir
isdir: 313 is a dir
isfile: 327 is a file
getattr 0000000000000147 1
isfile: 327 is a file
getfile 0000000000000147
getfile 0000000000000147 -> sz 4
   getattr -> 4
   unique: 334, success, outsize: 144
unique: 335, opcode: OPEN (14), nodeid: 327, insize: 48, pid: 5962
   unique: 335, success, outsize: 32
unique: 336, opcode: READ (15), nodeid: 327, insize: 80, pid: 5962
   unique: 336, success, outsize: 20
unique: 337, opcode: RELEASE (18), nodeid: 327, insize: 64, pid: 0
   unique: 337, success, outsize: 16
unique: 338, opcode: LOOKUP (1), nodeid: 1, insize: 46, pid: 5962
isfile: 1 is a dir
isdir: 1 is a dir
isfile: 313 is a dir
getattr 0000000000000139 0
isfile: 313 is a dir
isfile: 313 is a dir
isdir: 313 is a dir
getdir 0000000000000139
   getattr -> 1476356701 1476356721 1476356721
   unique: 338, success, outsize: 144
unique: 339, opcode: LOOKUP (1), nodeid: 313, insize: 45, pid: 5962
isfile: 313 is a dir
isdir: 313 is a dir
isfile: 328 is a file
getattr 0000000000000148 1
isfile: 328 is a file
getfile 0000000000000148
getfile 0000000000000148 -> sz 4
   getattr -> 4
   unique: 339, success, outsize: 144
unique: 340, opcode: OPEN (14), nodeid: 328, insize: 48, pid: 5962
   unique: 340, success, outsize: 32
unique: 341, opcode: READ (15), nodeid: 328, insize: 80, pid: 5962
   unique: 341, success, outsize: 20
unique: 342, opcode: RELEASE (18), nodeid: 328, insize: 64, pid: 0
   unique: 342, success, outsize: 16
unique: 343, opcode: LOOKUP (1), nodeid: 1, insize: 46, pid: 5962
isfile: 1 is a dir
isdir: 1 is a dir
isfile: 313 is a dir
getattr 0000000000000139 0
isfile: 313 is a dir
isfile: 313 is a dir
isdir: 313 is a dir
getdir 0000000000000139
   getattr -> 1476356701 1476356721 1476356721
   unique: 343, success, outsize: 144
unique: 344, opcode: LOOKUP (1), nodeid: 313, insize: 45, pid: 5962
isfile: 313 is a dir
isdir: 313 is a dir
isfile: 329 is a file
getattr 0000000000000149 1
isfile: 329 is a file
getfile 0000000000000149
getfile 0000000000000149 -> sz 4
   getattr -> 4
   unique: 344, success, outsize: 144
unique: 345, opcode: OPEN (14), nodeid: 329, insize: 48, pid: 5962
   unique: 345, success, outsize: 32
unique: 346, opcode: READ (15), nodeid: 329, insize: 80, pid: 5962
   unique: 346, success, outsize: 20
unique: 347, opcode: RELEASE (18), nodeid: 329, insize: 64, pid: 0
   unique: 347, success, outsize: 16
unique: 348, opcode: LOOKUP (1), nodeid: 1, insize: 46, pid: 5962
isfile: 1 is a dir
isdir: 1 is a dir
isfile: 313 is a dir
getattr 0000000000000139 0
isfile: 313 is a dir
isfile: 313 is a dir
isdir: 313 is a dir
getdir 0000000000000139
   getattr -> 1476356701 1476356721 1476356721
   unique: 348, success, outsize: 144
unique: 349, opcode: LOOKUP (1), nodeid: 313, insize: 45, pid: 5962
isfile: 313 is a dir
isdir: 313 is a dir
isfile: 330 is a file
getattr 000000000000014a 1
isfile: 330 is a file
getfile 000000000000014a
getfile 000000000000014a -> sz 4
   getattr -> 4
   unique: 349, success, outsize: 144
unique: 350, opcode: OPEN (14), nodeid: 330, insize: 48, pid: 5962
   unique: 350, success, outsize: 32
unique: 351, opcode: READ (15), nodeid: 330, insize: 80, pid: 5962
   unique: 351, success, outsize: 20
unique: 352, opcode: RELEASE (18), nodeid: 330, insize: 64, pid: 0
   unique: 352, success, outsize: 16
unique: 353, opcode: LOOKUP (1), nodeid: 1, insize: 46, pid: 5962
isfile: 1 is a dir
isdir: 1 is a dir
isfile: 313 is a dir
getattr 0000000000000139 0
isfile: 313 is a dir
isfile: 313 is a dir
isdir: 313 is a dir
getdir 0000000000000139
   getattr -> 1476356701 1476356721 1476356721
   unique: 353, success, outsize: 144
unique: 354, opcode: LOOKUP (1), nodeid: 313, insize: 45, pid: 5962
isfile: 313 is a dir
isdir: 313 is a dir
isfile: 331 is a file
getattr 000000000000014b 1
isfile: 331 is a file
getfile 000000000000014b
getfile 000000000000014b -> sz 4
   getattr -> 4
   unique: 354, success, outsize: 144
unique: 355, opcode: OPEN (14), nodeid: 331, insize: 48, pid: 5962
   unique: 355, success, outsize: 32
unique: 356, opcode: READ (15), nodeid: 331, insize: 80, pid: 5962
   unique: 356, success, outsize: 20
unique: 357, opcode: RELEASE (18), nodeid: 331, insize: 64, pid: 0
   unique: 357, success, outsize: 16
unique: 358, opcode: LOOKUP (1), nodeid: 1, insize: 46, pid: 5962
isfile: 1 is a dir
isdir: 1 is a dir
isfile: 313 is a dir
getattr 0000000000000139 0
isfile: 313 is a dir
isfile: 313 is a dir
isdir: 313 is a dir
getdir 0000000000000139
   getattr -> 1476356701 1476356723 1476356723
   unique: 358, success, outsize: 144
unique: 359, opcode: LOOKUP (1), nodeid: 313, insize: 45, pid: 5962
isfile: 313 is a dir
isdir: 313 is a dir
isfile: 332 is a file
getattr 000000000000014c 1
isfile: 332 is a file
getfile 000000000000014c
getfile 000000000000014c -> sz 4
   getattr -> 4
   unique: 359, success, outsize: 144
unique: 360, opcode: UNLINK (10), nodeid: 313, insize: 45, pid: 5962
isfile: 313 is a dir
isdir: 313 is a dir
isfile: 313 is a dir
isdir: 313 is a dir
   unique: 360, success, outsize: 16
unique: 361, opcode: FORGET (2), nodeid: 332, insize: 48, pid: 0
unique: 362, opcode: LOOKUP (1), nodeid: 1, insize: 46, pid: 5962
isfile: 1 is a dir
isdir: 1 is a dir
isfile: 313 is a dir
getattr 0000000000000139 0
isfile: 313 is a dir
isfile: 313 is a dir
isdir: 313 is a dir
getdir 0000000000000139
   getattr -> 1476356701 1476356724 1476356724
   unique: 362, success, outsize: 144
unique: 363, opcode: LOOKUP (1), nodeid: 313, insize: 45, pid: 5962
isfile: 313 is a dir
isdir: 313 is a dir
isfile: 333 is a file
getattr 000000000000014d 1
isfile: 333 is a file
getfile 000000000000014d
getfile 000000000000014d -> sz 4
   getattr -> 4
   unique: 363, success, outsize: 144
unique: 364, opcode: UNLINK (10), nodeid: 313, insize: 45, pid: 5962
isfile: 313 is a dir
isdir: 313 is a dir
isfile: 313 is a dir
isdir: 313 is a dir
   unique: 364, success, outsize: 16
unique: 365, opcode: FORGET (2), nodeid: 333, insize: 48, pid: 0
unique: 366, opcode: LOOKUP (1), nodeid: 1, insize: 46, pid: 5962
isfile: 1 is a dir
isdir: 1 is a dir
isfile: 313 is a dir
getattr 0000000000000139 0
isfile: 313 is a dir
isfile: 313 is a dir
isdir: 313 is a dir
getdir 0000000000000139
   getattr -> 1476356701 1476356724 1476356724
   unique: 366, success, outsize: 144
unique: 367, opcode: LOOKUP (1), nodeid: 313, insize: 45, pid: 5962
isfile: 313 is a dir
isdir: 313 is a dir
isfile: 334 is a file
getattr 000000000000014e 1
isfile: 334 is a file
getfile 000000000000014e
getfile 000000000000014e -> sz 4
   getattr -> 4
   unique: 367, success, outsize: 144
unique: 368, opcode: UNLINK (10), nodeid: 313, insize: 45, pid: 5962
isfile: 313 is a dir
isdir: 313 is a dir
isfile: 313 is a dir
isdir: 313 is a dir
   unique: 368, success, outsize: 16
unique: 369, opcode: FORGET (2), nodeid: 334, insize: 48, pid: 0
unique: 370, opcode: LOOKUP (1), nodeid: 1, insize: 46, pid: 5962
isfile: 1 is a dir
isdir: 1 is a dir
isfile: 313 is a dir
getattr 0000000000000139 0
isfile: 313 is a dir
isfile: 313 is a dir
isdir: 313 is a dir
getdir 0000000000000139
   getattr -> 1476356701 1476356724 1476356724
   unique: 370, success, outsize: 144
unique: 371, opcode: LOOKUP (1), nodeid: 313, insize: 45, pid: 5962
isfile: 313 is a dir
isdir: 313 is a dir
isfile: 335 is a file
getattr 000000000000014f 1
isfile: 335 is a file
getfile 000000000000014f
getfile 000000000000014f -> sz 4
   getattr -> 4
   unique: 371, success, outsize: 144
unique: 372, opcode: UNLINK (10), nodeid: 313, insize: 45, pid: 5962
isfile: 313 is a dir
isdir: 313 is a dir
isfile: 313 is a dir
isdir: 313 is a dir
   unique: 372, success, outsize: 16
unique: 373, opcode: FORGET (2), nodeid: 335, insize: 48, pid: 0
unique: 374, opcode: LOOKUP (1), nodeid: 1, insize: 46, pid: 5962
isfile: 1 is a dir
isdir: 1 is a dir
isfile: 313 is a dir
getattr 0000000000000139 0
isfile: 313 is a dir
isfile: 313 is a dir
isdir: 313 is a dir
getdir 0000000000000139
   getattr -> 1476356701 1476356724 1476356724
   unique: 374, success, outsize: 144
unique: 375, opcode: LOOKUP (1), nodeid: 313, insize: 45, pid: 5962
isfile: 313 is a dir
isdir: 313 is a dir
isfile: 336 is a file
getattr 0000000000000150 1
isfile: 336 is a file
getfile 0000000000000150
getfile 0000000000000150 -> sz 4
   getattr -> 4
   unique: 375, success, outsize: 144
unique: 376, opcode: UNLINK (10), nodeid: 313, insize: 45, pid: 5962
isfile: 313 is a dir
isdir: 313 is a dir
isfile: 313 is a dir
isdir: 313 is a dir
   unique: 376, success, outsize: 16
unique: 377, opcode: FORGET (2), nodeid: 336, insize: 48, pid: 0
unique: 378, opcode: LOOKUP (1), nodeid: 1, insize: 46, pid: 5962
isfile: 1 is a dir
isdir: 1 is a dir
isfile: 313 is a dir
getattr 0000000000000139 0
isfile: 313 is a dir
isfile: 313 is a dir
isdir: 313 is a dir
getdir 0000000000000139
   getattr -> 1476356701 1476356724 1476356724
   unique: 378, success, outsize: 144
unique: 379, opcode: LOOKUP (1), nodeid: 313, insize: 45, pid: 5962
isfile: 313 is a dir
isdir: 313 is a dir
isfile: 337 is a file
getattr 0000000000000151 1
isfile: 337 is a file
getfile 0000000000000151
getfile 0000000000000151 -> sz 4
   getattr -> 4
   unique: 379, success, outsize: 144
unique: 380, opcode: UNLINK (10), nodeid: 313, insize: 45, pid: 5962
isfile: 313 is a dir
isdir: 313 is a dir
isfile: 313 is a dir
isdir: 313 is a dir
   unique: 380, success, outsize: 16
unique: 381, opcode: FORGET (2), nodeid: 337, insize: 48, pid: 0
unique: 382, opcode: LOOKUP (1), nodeid: 1, insize: 46, pid: 5962
isfile: 1 is a dir
isdir: 1 is a dir
isfile: 313 is a dir
getattr 0000000000000139 0
isfile: 313 is a dir
isfile: 313 is a dir
isdir: 313 is a dir
getdir 0000000000000139
   getattr -> 1476356701 1476356724 1476356724
   unique: 382, success, outsize: 144
unique: 383, opcode: LOOKUP (1), nodeid: 313, insize: 45, pid: 5962
isfile: 313 is a dir
isdir: 313 is a dir
isfile: 338 is a file
getattr 0000000000000152 1
isfile: 338 is a file
getfile 0000000000000152
getfile 0000000000000152 -> sz 4
   getattr -> 4
   unique: 383, success, outsize: 144
unique: 384, opcode: UNLINK (10), nodeid: 313, insize: 45, pid: 5962
isfile: 313 is a dir
isdir: 313 is a dir
isfile: 313 is a dir
isdir: 313 is a dir
   unique: 384, success, outsize: 16
unique: 385, opcode: FORGET (2), nodeid: 338, insize: 48, pid: 0
unique: 386, opcode: LOOKUP (1), nodeid: 1, insize: 46, pid: 5962
isfile: 1 is a dir
isdir: 1 is a dir
isfile: 313 is a dir
getattr 0000000000000139 0
isfile: 313 is a dir
isfile: 313 is a dir
isdir: 313 is a dir
getdir 0000000000000139
   getattr -> 1476356701 1476356724 1476356724
   unique: 386, success, outsize: 144
unique: 387, opcode: LOOKUP (1), nodeid: 313, insize: 45, pid: 5962
isfile: 313 is a dir
isdir: 313 is a dir
isfile: 339 is a file
getattr 0000000000000153 1
isfile: 339 is a file
getfile 0000000000000153
getfile 0000000000000153 -> sz 4
   getattr -> 4
   unique: 387, success, outsize: 144
unique: 388, opcode: UNLINK (10), nodeid: 313, insize: 45, pid: 5962
isfile: 313 is a dir
isdir: 313 is a dir
isfile: 313 is a dir
isdir: 313 is a dir
   unique: 388, success, outsize: 16
unique: 389, opcode: FORGET (2), nodeid: 339, insize: 48, pid: 0
unique: 390, opcode: LOOKUP (1), nodeid: 1, insize: 46, pid: 5962
isfile: 1 is a dir
isdir: 1 is a dir
isfile: 313 is a dir
getattr 0000000000000139 0
isfile: 313 is a dir
isfile: 313 is a dir
isdir: 313 is a dir
getdir 0000000000000139
   getattr -> 1476356701 1476356724 1476356724
   unique: 390, success, outsize: 144
unique: 391, opcode: LOOKUP (1), nodeid: 313, insize: 45, pid: 5962
isfile: 313 is a dir
isdir: 313 is a dir
isfile: 340 is a file
getattr 0000000000000154 1
isfile: 340 is a file
getfile 0000000000000154
getfile 0000000000000154 -> sz 4
   getattr -> 4
   unique: 391, success, outsize: 144
unique: 392, opcode: UNLINK (10), nodeid: 313, insize: 45, pid: 5962
isfile: 313 is a dir
isdir: 313 is a dir
isfile: 313 is a dir
isdir: 313 is a dir
   unique: 392, success, outsize: 16
unique: 393, opcode: FORGET (2), nodeid: 340, insize: 48, pid: 0
unique: 394, opcode: LOOKUP (1), nodeid: 1, insize: 46, pid: 5962
isfile: 1 is a dir
isdir: 1 is a dir
isfile: 313 is a dir
getattr 0000000000000139 0
isfile: 313 is a dir
isfile: 313 is a dir
isdir: 313 is a dir
getdir 0000000000000139
   getattr -> 1476356701 1476356724 1476356724
   unique: 394, success, outsize: 144
unique: 395, opcode: LOOKUP (1), nodeid: 313, insize: 45, pid: 5962
isfile: 313 is a dir
isdir: 313 is a dir
isfile: 341 is a file
getattr 0000000000000155 1
isfile: 341 is a file
getfile 0000000000000155
getfile 0000000000000155 -> sz 4
   getattr -> 4
   unique: 395, success, outsize: 144
unique: 396, opcode: UNLINK (10), nodeid: 313, insize: 45, pid: 5962
isfile: 313 is a dir
isdir: 313 is a dir
isfile: 313 is a dir
isdir: 313 is a dir
   unique: 396, success, outsize: 16
unique: 397, opcode: FORGET (2), nodeid: 341, insize: 48, pid: 0
unique: 398, opcode: LOOKUP (1), nodeid: 1, insize: 46, pid: 5962
isfile: 1 is a dir
isdir: 1 is a dir
isfile: 313 is a dir
getattr 0000000000000139 0
isfile: 313 is a dir
isfile: 313 is a dir
isdir: 313 is a dir
getdir 0000000000000139
   getattr -> 1476356701 1476356725 1476356725
   unique: 398, success, outsize: 144
unique: 399, opcode: LOOKUP (1), nodeid: 313, insize: 43, pid: 5962
isfile: 313 is a dir
isdir: 313 is a dir
isfile: 342 is a file
getattr 0000000000000156 1
isfile: 342 is a file
getfile 0000000000000156
getfile 0000000000000156 -> sz 20000
   getattr -> 20000
   unique: 399, success, outsize: 144
unique: 400, opcode: OPEN (14), nodeid: 342, insize: 48, pid: 5962
   unique: 400, success, outsize: 32
unique: 401, opcode: GETATTR (3), nodeid: 342, insize: 56, pid: 5962
isfile: 342 is a file
getattr 0000000000000156 1
isfile: 342 is a file
getfile 0000000000000156
getfile 0000000000000156 -> sz 20000
   getattr -> 20000
   unique: 401, success, outsize: 120
unique: 402, opcode: READ (15), nodeid: 342, insize: 80, pid: 5962
   unique: 402, success, outsize: 20016
unique: 403, opcode: RELEASE (18), nodeid: 342, insize: 64, pid: 0
   unique: 403, success, outsize: 16
umount: /home/keke/git/lab-cse/lab3/yfs2: not mounted
